<?xml version="1.0" encoding="UTF-8"?>
<!-- Generated by org.testng.reporters.JUnitXMLReporter -->
<testsuite ignored="0" hostname="h11ng" failures="0" tests="10" name="Regression Tests" time="93.239" errors="0" timestamp="2026-03-10T10:11:53 ICT">
  <testcase classname="tests.LoginTest" name="loginInvalidCases" time="3.893"/>
  <testcase classname="tests.LoginTest" name="loginInvalidCases" time="5.523"/>
  <testcase classname="tests.LoginTest" name="loginInvalidCases" time="5.128"/>
  <testcase classname="tests.LoginTest" name="loginInvalidCases" time="2.411"/>
  <testcase classname="tests.LoginTest" name="loginInvalidCases" time="2.569"/>
  <testcase classname="tests.LoginTest" name="loginInvalidCases" time="9.416"/>
  <testcase classname="tests.LoginTest" name="loginInvalidCases" time="5.547"/>
  <testcase classname="tests.LoginTest" name="loginInvalidCases" time="4.199"/>
  <testcase classname="tests.LoginTest" name="loginInvalidCases" time="1.991"/>
  <testcase classname="tests.LoginTest" name="loginValidAccount" time="6.282"/>
</testsuite> <!-- Regression Tests -->
