<?xml version="1.0" encoding="UTF-8"?>
<!-- Generated by org.testng.reporters.JUnitXMLReporter -->
<testsuite ignored="0" hostname="h11ng" failures="2" tests="22" name="All Tests" time="180.533" errors="0" timestamp="2026-03-13T15:15:21 ICT">
  <testcase classname="tests.FormSubTest" name="formsubValid" time="5.283"/>
  <testcase classname="tests.FormSubTest" name="formsubValid" time="5.117"/>
  <testcase classname="tests.FormSubTest" name="formsubValid" time="5.478"/>
  <testcase classname="tests.FormSubTest" name="formsubValid" time="5.056"/>
  <testcase classname="tests.FormSubTest" name="formsubValid" time="4.742"/>
  <testcase classname="tests.FormSubTest" name="formsubValid" time="4.659"/>
  <testcase classname="tests.FormSubTest" name="formsubValid" time="4.629"/>
  <testcase classname="tests.FormSubTest" name="formsubValid" time="6.344"/>
  <testcase classname="tests.FormSubTest" name="formsubInvalid" time="4.213"/>
  <testcase classname="tests.FormSubTest" name="formsubInvalid" time="2.378"/>
  <testcase classname="tests.FormSubTest" name="formsubInvalid" time="2.616"/>
  <testcase classname="tests.FormSubTest" name="formsubInvalid" time="3.844"/>
  <testcase classname="tests.FormSubTest" name="formsubInvalid" time="2.418"/>
  <testcase classname="tests.FormSubTest" name="formsubInvalid" time="2.15"/>
  <testcase classname="tests.FormSubTest" name="formsubInvalid" time="2.289"/>
  <testcase classname="tests.FormSubTest" name="formsubInvalid" time="2.304"/>
  <testcase classname="tests.FormSubTest" name="formsubInvalid" time="4.533"/>
  <testcase classname="tests.FormSubTest" name="formsubInvalid" time="2.838">
    <failure type="java.lang.AssertionError" message="expected [Contact must be at most 15 characters] but found [Only numbers are allowed]">
      <![CDATA[java.lang.AssertionError: expected [Contact must be at most 15 characters] but found [Only numbers are allowed]
at tests.FormSubTest.formsubInvalid(FormSubTest.java:180)
at java.base/java.util.concurrent.Executors$RunnableAdapter.call(Executors.java:572)
at java.base/java.util.concurrent.FutureTask.run(FutureTask.java:317)
at java.base/java.util.concurrent.ThreadPoolExecutor.runWorker(ThreadPoolExecutor.java:1144)
at java.base/java.util.concurrent.ThreadPoolExecutor$Worker.run(ThreadPoolExecutor.java:642)
at java.base/java.lang.Thread.run(Thread.java:1583)
... Removed 17 stack frames]]>
    </failure>
  </testcase> <!-- formsubInvalid -->
  <testcase classname="tests.FormSubTest" name="formsubInvalid" time="2.544"/>
  <testcase classname="tests.FormSubTest" name="formsubInvalid" time="12.409">
    <failure type="org.openqa.selenium.TimeoutException" message="Expected condition failed: waiting for visibility of element located by By.xpath: //input[@id=&amp;apos;email&amp;apos;]/ancestor::div[contains(@class,&amp;apos;form-field-group&amp;apos;)]/following-sibling::p (tried for 10 second(s) with 500 milliseconds interval)
Build info: version: &amp;apos;4.18.1&amp;apos;, revision: &amp;apos;b1d3319b48&amp;apos;
System info: os.name: &amp;apos;Windows 11&amp;apos;, os.arch: &amp;apos;amd64&amp;apos;, os.version: &amp;apos;10.0&amp;apos;, java.version: &amp;apos;21.0.10&amp;apos;
Driver info: org.openqa.selenium.chrome.ChromeDriver
Capabilities {acceptInsecureCerts: false, browserName: chrome, browserVersion: 145.0.7632.160, chrome: {chromedriverVersion: 145.0.7632.117 (de4e5d6e13b..., userDataDir: C:\Users\hung\AppData\Local...}, fedcm:accounts: true, goog:chromeOptions: {debuggerAddress: localhost:62280}, goog:processID: 22852, networkConnectionEnabled: false, pageLoadStrategy: normal, platformName: windows, proxy: Proxy(), se:cdp: ws://localhost:62280/devtoo..., se:cdpVersion: 145.0.7632.160, setWindowRect: true, strictFileInteractability: false, timeouts: {implicit: 0, pageLoad: 300000, script: 30000}, unhandledPromptBehavior: dismiss and notify, webauthn:extension:credBlob: true, webauthn:extension:largeBlob: true, webauthn:extension:minPinLength: true, webauthn:extension:prf: true, webauthn:virtualAuthenticators: true}
Session ID: 2c5f52c13c0f2534b5cea066e05da93e">
      <![CDATA[org.openqa.selenium.TimeoutException: Expected condition failed: waiting for visibility of element located by By.xpath: //input[@id='email']/ancestor::div[contains(@class,'form-field-group')]/following-sibling::p (tried for 10 second(s) with 500 milliseconds interval)
Build info: version: '4.18.1', revision: 'b1d3319b48'
System info: os.name: 'Windows 11', os.arch: 'amd64', os.version: '10.0', java.version: '21.0.10'
Driver info: org.openqa.selenium.chrome.ChromeDriver
Capabilities {acceptInsecureCerts: false, browserName: chrome, browserVersion: 145.0.7632.160, chrome: {chromedriverVersion: 145.0.7632.117 (de4e5d6e13b..., userDataDir: C:\Users\hung\AppData\Local...}, fedcm:accounts: true, goog:chromeOptions: {debuggerAddress: localhost:62280}, goog:processID: 22852, networkConnectionEnabled: false, pageLoadStrategy: normal, platformName: windows, proxy: Proxy(), se:cdp: ws://localhost:62280/devtoo..., se:cdpVersion: 145.0.7632.160, setWindowRect: true, strictFileInteractability: false, timeouts: {implicit: 0, pageLoad: 300000, script: 30000}, unhandledPromptBehavior: dismiss and notify, webauthn:extension:credBlob: true, webauthn:extension:largeBlob: true, webauthn:extension:minPinLength: true, webauthn:extension:prf: true, webauthn:virtualAuthenticators: true}
Session ID: 2c5f52c13c0f2534b5cea066e05da93e
at org.openqa.selenium.support.ui.WebDriverWait.timeoutException(WebDriverWait.java:84)
at org.openqa.selenium.support.ui.FluentWait.until(FluentWait.java:228)
at utils.WaitHelper.waitForElementVisible(WaitHelper.java:23)
at pages.FormSubPage.getEmailError(FormSubPage.java:148)
at tests.FormSubTest.formsubInvalid(FormSubTest.java:150)
at java.base/java.util.concurrent.Executors$RunnableAdapter.call(Executors.java:572)
at java.base/java.util.concurrent.FutureTask.run(FutureTask.java:317)
at java.base/java.util.concurrent.ThreadPoolExecutor.runWorker(ThreadPoolExecutor.java:1144)
at java.base/java.util.concurrent.ThreadPoolExecutor$Worker.run(ThreadPoolExecutor.java:642)
at java.base/java.lang.Thread.run(Thread.java:1583)
... Removed 11 stack frames]]>
    </failure>
  </testcase> <!-- formsubInvalid -->
  <testcase classname="tests.FormSubTest" name="formsubInvalid" time="4.268"/>
  <testcase classname="tests.FormSubTest" name="formsubInvalid" time="2.658"/>
</testsuite> <!-- All Tests -->
