<?xml version="1.0" encoding="UTF-8"?>
<!-- Generated by org.testng.reporters.JUnitXMLReporter -->
<testsuite ignored="1" hostname="h11ng" failures="0" tests="3" name="Smoke Tests" time="27.922" errors="0" timestamp="2026-03-12T10:33:34 ICT">
  <testcase classname="tests.LoginTest" name="loginValidAccount" time="4.389"/>
  <testcase classname="tests.LoginTest" name="loginValidAccount" time="4.69"/>
  <testcase classname="tests.LoginTest" name="loginValidAccount" time="4.411"/>
  <testcase classname="tests.LoginTest" name="loginInvalidCases" time="0.0">
    <ignored/>
  </testcase> <!-- loginInvalidCases -->
</testsuite> <!-- Smoke Tests -->
