<?xml version="1.0" encoding="UTF-8"?>
<!-- Generated by org.testng.reporters.JUnitReportReporter -->
<testsuite hostname="h11ng" failures="0" tests="33" name="tests.ForgotPassTest" time="442.866" errors="0" timestamp="2026-03-13T14:36:21 ICT" skipped="0">
  <testcase classname="tests.ForgotPassTest" name="forgotValidData" time="10.808"/>
  <testcase classname="tests.ForgotPassTest" name="forgotValidData" time="14.560"/>
  <testcase classname="tests.ForgotPassTest" name="forgotValidData" time="16.711"/>
  <testcase classname="tests.ForgotPassTest" name="forgotValidData" time="11.634"/>
  <testcase classname="tests.ForgotPassTest" name="forgotValidData" time="10.233"/>
  <testcase classname="tests.ForgotPassTest" name="forgotValidData" time="10.912"/>
  <testcase classname="tests.ForgotPassTest" name="forgotValidData" time="16.601"/>
  <testcase classname="tests.ForgotPassTest" name="forgotValidData" time="8.227"/>
  <testcase classname="tests.ForgotPassTest" name="forgotValidData" time="16.685"/>
  <testcase classname="tests.ForgotPassTest" name="forgotValidData" time="11.802"/>
  <testcase classname="tests.ForgotPassTest" name="forgotValidData" time="14.954"/>
  <testcase classname="tests.ForgotPassTest" name="forgotValidData" time="17.391"/>
  <testcase classname="tests.ForgotPassTest" name="forgotValidData" time="12.038"/>
  <testcase classname="tests.ForgotPassTest" name="forgotValidData" time="17.354"/>
  <testcase classname="tests.ForgotPassTest" name="forgotValidData" time="11.266"/>
  <testcase classname="tests.ForgotPassTest" name="forgotValidData" time="12.928"/>
  <testcase classname="tests.ForgotPassTest" name="forgotValidData" time="7.555"/>
  <testcase classname="tests.ForgotPassTest" name="forgotInvalidData" time="4.883"/>
  <testcase classname="tests.ForgotPassTest" name="forgotInvalidData" time="38.040"/>
  <testcase classname="tests.ForgotPassTest" name="forgotInvalidData" time="10.418"/>
  <testcase classname="tests.ForgotPassTest" name="forgotInvalidData" time="8.466"/>
  <testcase classname="tests.ForgotPassTest" name="forgotInvalidData" time="11.347"/>
  <testcase classname="tests.ForgotPassTest" name="forgotInvalidData" time="7.794"/>
  <testcase classname="tests.ForgotPassTest" name="forgotInvalidData" time="36.480"/>
  <testcase classname="tests.ForgotPassTest" name="forgotInvalidData" time="7.499"/>
  <testcase classname="tests.ForgotPassTest" name="forgotInvalidData" time="9.803"/>
  <testcase classname="tests.ForgotPassTest" name="forgotInvalidData" time="12.084"/>
  <testcase classname="tests.ForgotPassTest" name="forgotInvalidData" time="5.587"/>
  <testcase classname="tests.ForgotPassTest" name="forgotInvalidData" time="7.742"/>
  <testcase classname="tests.ForgotPassTest" name="forgotInvalidData" time="9.905"/>
  <testcase classname="tests.ForgotPassTest" name="forgotInvalidData" time="26.315"/>
  <testcase classname="tests.ForgotPassTest" name="forgotInvalidData" time="11.713"/>
  <testcase classname="tests.ForgotPassTest" name="forgotInvalidData" time="13.131"/>
</testsuite> <!-- tests.ForgotPassTest -->
