<?xml version="1.0" encoding="UTF-8"?>
<!-- Generated by org.testng.reporters.JUnitReportReporter -->
<testsuite hostname="h11ng" failures="1" tests="22" name="tests.FormSubTest" time="178.714" errors="1" timestamp="2026-03-13T15:15:21 ICT" skipped="0">
  <testcase classname="tests.FormSubTest" name="formsubValid" time="9.062"/>
  <testcase classname="tests.FormSubTest" name="formsubValid" time="9.209"/>
  <testcase classname="tests.FormSubTest" name="formsubValid" time="8.318"/>
  <testcase classname="tests.FormSubTest" name="formsubValid" time="6.792"/>
  <testcase classname="tests.FormSubTest" name="formsubValid" time="9.058"/>
  <testcase classname="tests.FormSubTest" name="formsubValid" time="9.054"/>
  <testcase classname="tests.FormSubTest" name="formsubValid" time="8.149"/>
  <testcase classname="tests.FormSubTest" name="formsubValid" time="12.576"/>
  <testcase classname="tests.FormSubTest" name="formsubInvalid" time="6.188"/>
  <testcase classname="tests.FormSubTest" name="formsubInvalid" time="4.705">
    <failure message="expected [Contact must be at most 15 characters] but found [Only numbers are allowed]" type="java.lang.AssertionError">
      <![CDATA[java.lang.AssertionError: expected [Contact must be at most 15 characters] but found [Only numbers are allowed]
at org.testng.Assert.fail(Assert.java:111)
at org.testng.Assert.failNotEquals(Assert.java:1578)
at org.testng.Assert.assertEqualsImpl(Assert.java:150)
at org.testng.Assert.assertEquals(Assert.java:132)
at org.testng.Assert.assertEquals(Assert.java:656)
at org.testng.Assert.assertEquals(Assert.java:666)
at tests.FormSubTest.formsubInvalid(FormSubTest.java:180)
at java.base/jdk.internal.reflect.DirectMethodHandleAccessor.invoke(DirectMethodHandleAccessor.java:103)
at java.base/java.lang.reflect.Method.invoke(Method.java:580)
at org.testng.internal.invokers.MethodInvocationHelper.invokeMethod(MethodInvocationHelper.java:139)
at org.testng.internal.invokers.TestInvoker.invokeMethod(TestInvoker.java:664)
at org.testng.internal.invokers.TestInvoker.invokeTestMethod(TestInvoker.java:228)
at org.testng.internal.invokers.MethodRunner.runInSequence(MethodRunner.java:63)
at org.testng.internal.invokers.TestInvoker$MethodInvocationAgent.invoke(TestInvoker.java:961)
at org.testng.internal.invokers.TestInvoker.invokeTestMethods(TestInvoker.java:201)
at org.testng.internal.invokers.TestMethodWorker.invokeTestMethods(TestMethodWorker.java:148)
at org.testng.internal.invokers.TestMethodWorker.run(TestMethodWorker.java:128)
at java.base/java.util.concurrent.Executors$RunnableAdapter.call(Executors.java:572)
at java.base/java.util.concurrent.FutureTask.run(FutureTask.java:317)
at org.testng.internal.thread.graph.TestNGFutureTask.run(TestNGFutureTask.java:22)
at java.base/java.util.concurrent.ThreadPoolExecutor.runWorker(ThreadPoolExecutor.java:1144)
at java.base/java.util.concurrent.ThreadPoolExecutor$Worker.run(ThreadPoolExecutor.java:642)
at java.base/java.lang.Thread.run(Thread.java:1583)
]]>
    </failure>
  </testcase> <!-- formsubInvalid -->
  <testcase classname="tests.FormSubTest" name="formsubInvalid" time="6.886"/>
  <testcase classname="tests.FormSubTest" name="formsubInvalid" time="8.624"/>
  <testcase classname="tests.FormSubTest" name="formsubInvalid" time="6.087"/>
  <testcase classname="tests.FormSubTest" name="formsubInvalid" time="4.472"/>
  <testcase classname="tests.FormSubTest" name="formsubInvalid" time="10.561"/>
  <testcase classname="tests.FormSubTest" name="formsubInvalid" time="6.261"/>
  <testcase classname="tests.FormSubTest" name="formsubInvalid" time="7.585"/>
  <testcase classname="tests.FormSubTest" name="formsubInvalid" time="6.212"/>
  <testcase classname="tests.FormSubTest" name="formsubInvalid" time="4.577"/>
  <testcase classname="tests.FormSubTest" name="formsubInvalid" time="15.776">
    <error message="Expected condition failed: waiting for visibility of element located by By.xpath: //input[@id=&#039;email&#039;]/ancestor::div[contains(@class,&#039;form-field-group&#039;)]/following-sibling::p (tried for 10 second(s) with 500 milliseconds interval)
Build info: version: &#039;4.18.1&#039;, revision: &#039;b1d3319b48&#039;
System info: os.name: &#039;Windows 11&#039;, os.arch: &#039;amd64&#039;, os.version: &#039;10.0&#039;, java.version: &#039;21.0.10&#039;
Driver info: org.openqa.selenium.chrome.ChromeDriver
Capabilities {acceptInsecureCerts: false, browserName: chrome, browserVersion: 145.0.7632.160, chrome: {chromedriverVersion: 145.0.7632.117 (de4e5d6e13b..., userDataDir: C:\Users\hung\AppData\Local...}, fedcm:accounts: true, goog:chromeOptions: {debuggerAddress: localhost:62280}, goog:processID: 22852, networkConnectionEnabled: false, pageLoadStrategy: normal, platformName: windows, proxy: Proxy(), se:cdp: ws://localhost:62280/devtoo..., se:cdpVersion: 145.0.7632.160, setWindowRect: true, strictFileInteractability: false, timeouts: {implicit: 0, pageLoad: 300000, script: 30000}, unhandledPromptBehavior: dismiss and notify, webauthn:extension:credBlob: true, webauthn:extension:largeBlob: true, webauthn:extension:minPinLength: true, webauthn:extension:prf: true, webauthn:virtualAuthenticators: true}
Session ID: 2c5f52c13c0f2534b5cea066e05da93e" type="org.openqa.selenium.TimeoutException">
      <![CDATA[org.openqa.selenium.TimeoutException: Expected condition failed: waiting for visibility of element located by By.xpath: //input[@id='email']/ancestor::div[contains(@class,'form-field-group')]/following-sibling::p (tried for 10 second(s) with 500 milliseconds interval)
Build info: version: '4.18.1', revision: 'b1d3319b48'
System info: os.name: 'Windows 11', os.arch: 'amd64', os.version: '10.0', java.version: '21.0.10'
Driver info: org.openqa.selenium.chrome.ChromeDriver
Capabilities {acceptInsecureCerts: false, browserName: chrome, browserVersion: 145.0.7632.160, chrome: {chromedriverVersion: 145.0.7632.117 (de4e5d6e13b..., userDataDir: C:\Users\hung\AppData\Local...}, fedcm:accounts: true, goog:chromeOptions: {debuggerAddress: localhost:62280}, goog:processID: 22852, networkConnectionEnabled: false, pageLoadStrategy: normal, platformName: windows, proxy: Proxy(), se:cdp: ws://localhost:62280/devtoo..., se:cdpVersion: 145.0.7632.160, setWindowRect: true, strictFileInteractability: false, timeouts: {implicit: 0, pageLoad: 300000, script: 30000}, unhandledPromptBehavior: dismiss and notify, webauthn:extension:credBlob: true, webauthn:extension:largeBlob: true, webauthn:extension:minPinLength: true, webauthn:extension:prf: true, webauthn:virtualAuthenticators: true}
Session ID: 2c5f52c13c0f2534b5cea066e05da93e
at org.openqa.selenium.support.ui.WebDriverWait.timeoutException(WebDriverWait.java:84)
at org.openqa.selenium.support.ui.FluentWait.until(FluentWait.java:228)
at utils.WaitHelper.waitForElementVisible(WaitHelper.java:23)
at pages.FormSubPage.getEmailError(FormSubPage.java:148)
at tests.FormSubTest.formsubInvalid(FormSubTest.java:150)
at java.base/jdk.internal.reflect.DirectMethodHandleAccessor.invoke(DirectMethodHandleAccessor.java:103)
at java.base/java.lang.reflect.Method.invoke(Method.java:580)
at org.testng.internal.invokers.MethodInvocationHelper.invokeMethod(MethodInvocationHelper.java:139)
at org.testng.internal.invokers.TestInvoker.invokeMethod(TestInvoker.java:664)
at org.testng.internal.invokers.TestInvoker.invokeTestMethod(TestInvoker.java:228)
at org.testng.internal.invokers.MethodRunner.runInSequence(MethodRunner.java:63)
at org.testng.internal.invokers.TestInvoker$MethodInvocationAgent.invoke(TestInvoker.java:961)
at org.testng.internal.invokers.TestInvoker.invokeTestMethods(TestInvoker.java:201)
at org.testng.internal.invokers.TestMethodWorker.invokeTestMethods(TestMethodWorker.java:148)
at org.testng.internal.invokers.TestMethodWorker.run(TestMethodWorker.java:128)
at java.base/java.util.concurrent.Executors$RunnableAdapter.call(Executors.java:572)
at java.base/java.util.concurrent.FutureTask.run(FutureTask.java:317)
at org.testng.internal.thread.graph.TestNGFutureTask.run(TestNGFutureTask.java:22)
at java.base/java.util.concurrent.ThreadPoolExecutor.runWorker(ThreadPoolExecutor.java:1144)
at java.base/java.util.concurrent.ThreadPoolExecutor$Worker.run(ThreadPoolExecutor.java:642)
at java.base/java.lang.Thread.run(Thread.java:1583)
]]>
    </error>
  </testcase> <!-- formsubInvalid -->
  <testcase classname="tests.FormSubTest" name="formsubInvalid" time="9.933"/>
  <testcase classname="tests.FormSubTest" name="formsubInvalid" time="8.629"/>
</testsuite> <!-- tests.FormSubTest -->
