<?xml version="1.0" encoding="UTF-8"?>
<!-- Generated by org.testng.reporters.JUnitReportReporter -->
<testsuite hostname="h11ng" failures="0" tests="30" name="tests.LoginTest" time="407.582" errors="1" timestamp="2026-03-13T14:36:21 ICT" skipped="0">
  <testcase classname="tests.LoginTest" name="loginValidAccount" time="8.127"/>
  <testcase classname="tests.LoginTest" name="loginValidAccount" time="28.070"/>
  <testcase classname="tests.LoginTest" name="loginValidAccount" time="12.223"/>
  <testcase classname="tests.LoginTest" name="loginInvalidCases" time="12.527"/>
  <testcase classname="tests.LoginTest" name="loginInvalidCases" time="15.066"/>
  <testcase classname="tests.LoginTest" name="loginInvalidCases" time="8.468"/>
  <testcase classname="tests.LoginTest" name="loginInvalidCases" time="6.251"/>
  <testcase classname="tests.LoginTest" name="loginInvalidCases" time="36.026"/>
  <testcase classname="tests.LoginTest" name="loginInvalidCases" time="11.323"/>
  <testcase classname="tests.LoginTest" name="loginInvalidCases" time="8.730"/>
  <testcase classname="tests.LoginTest" name="loginInvalidCases" time="17.214"/>
  <testcase classname="tests.LoginTest" name="loginInvalidCases" time="14.591"/>
  <testcase classname="tests.LoginTest" name="loginInvalidCases" time="6.212"/>
  <testcase classname="tests.LoginTest" name="loginInvalidCases" time="9.547"/>
  <testcase classname="tests.LoginTest" name="loginInvalidCases" time="11.476"/>
  <testcase classname="tests.LoginTest" name="loginInvalidCases" time="11.871"/>
  <testcase classname="tests.LoginTest" name="loginInvalidCases" time="10.744"/>
  <testcase classname="tests.LoginTest" name="loginInvalidCases" time="9.130"/>
  <testcase classname="tests.LoginTest" name="loginInvalidCases" time="8.644"/>
  <testcase classname="tests.LoginTest" name="loginInvalidCases" time="13.527"/>
  <testcase classname="tests.LoginTest" name="loginInvalidCases" time="17.903"/>
  <testcase classname="tests.LoginTest" name="loginInvalidCases" time="9.105"/>
  <testcase classname="tests.LoginTest" name="loginInvalidCases" time="9.367"/>
  <testcase classname="tests.LoginTest" name="loginInvalidCases" time="16.066"/>
  <testcase classname="tests.LoginTest" name="loginInvalidCases" time="17.529"/>
  <testcase classname="tests.LoginTest" name="loginInvalidCases" time="5.406"/>
  <testcase classname="tests.LoginTest" name="loginInvalidCases" time="11.511"/>
  <testcase classname="tests.LoginTest" name="loginInvalidCases" time="12.514"/>
  <testcase classname="tests.LoginTest" name="loginInvalidCases" time="18.879">
    <error message="Expected condition failed: waiting for visibility of element located by By.xpath: //input[@id=&#039;password&#039;]/ancestor::div[contains(@class,&#039;form-field-group&#039;)]/following-sibling::p (tried for 10 second(s) with 500 milliseconds interval)
Build info: version: &#039;4.18.1&#039;, revision: &#039;b1d3319b48&#039;
System info: os.name: &#039;Windows 11&#039;, os.arch: &#039;amd64&#039;, os.version: &#039;10.0&#039;, java.version: &#039;21.0.10&#039;
Driver info: org.openqa.selenium.chrome.ChromeDriver
Capabilities {acceptInsecureCerts: false, browserName: chrome, browserVersion: 145.0.7632.160, chrome: {chromedriverVersion: 145.0.7632.117 (de4e5d6e13b..., userDataDir: C:\Users\hung\AppData\Local...}, fedcm:accounts: true, goog:chromeOptions: {debuggerAddress: localhost:54419}, goog:processID: 17176, networkConnectionEnabled: false, pageLoadStrategy: normal, platformName: windows, proxy: Proxy(), se:cdp: ws://localhost:54419/devtoo..., se:cdpVersion: 145.0.7632.160, setWindowRect: true, strictFileInteractability: false, timeouts: {implicit: 0, pageLoad: 300000, script: 30000}, unhandledPromptBehavior: dismiss and notify, webauthn:extension:credBlob: true, webauthn:extension:largeBlob: true, webauthn:extension:minPinLength: true, webauthn:extension:prf: true, webauthn:virtualAuthenticators: true}
Session ID: f003e2d3d08293ce50565f39703369be" type="org.openqa.selenium.TimeoutException">
      <![CDATA[org.openqa.selenium.TimeoutException: Expected condition failed: waiting for visibility of element located by By.xpath: //input[@id='password']/ancestor::div[contains(@class,'form-field-group')]/following-sibling::p (tried for 10 second(s) with 500 milliseconds interval)
Build info: version: '4.18.1', revision: 'b1d3319b48'
System info: os.name: 'Windows 11', os.arch: 'amd64', os.version: '10.0', java.version: '21.0.10'
Driver info: org.openqa.selenium.chrome.ChromeDriver
Capabilities {acceptInsecureCerts: false, browserName: chrome, browserVersion: 145.0.7632.160, chrome: {chromedriverVersion: 145.0.7632.117 (de4e5d6e13b..., userDataDir: C:\Users\hung\AppData\Local...}, fedcm:accounts: true, goog:chromeOptions: {debuggerAddress: localhost:54419}, goog:processID: 17176, networkConnectionEnabled: false, pageLoadStrategy: normal, platformName: windows, proxy: Proxy(), se:cdp: ws://localhost:54419/devtoo..., se:cdpVersion: 145.0.7632.160, setWindowRect: true, strictFileInteractability: false, timeouts: {implicit: 0, pageLoad: 300000, script: 30000}, unhandledPromptBehavior: dismiss and notify, webauthn:extension:credBlob: true, webauthn:extension:largeBlob: true, webauthn:extension:minPinLength: true, webauthn:extension:prf: true, webauthn:virtualAuthenticators: true}
Session ID: f003e2d3d08293ce50565f39703369be
at org.openqa.selenium.support.ui.WebDriverWait.timeoutException(WebDriverWait.java:84)
at org.openqa.selenium.support.ui.FluentWait.until(FluentWait.java:228)
at utils.WaitHelper.waitForElementVisible(WaitHelper.java:23)
at pages.LoginPage.getPasswordError(LoginPage.java:94)
at tests.LoginTest.loginInvalidCases(LoginTest.java:141)
at java.base/jdk.internal.reflect.DirectMethodHandleAccessor.invoke(DirectMethodHandleAccessor.java:103)
at java.base/java.lang.reflect.Method.invoke(Method.java:580)
at org.testng.internal.invokers.MethodInvocationHelper.invokeMethod(MethodInvocationHelper.java:139)
at org.testng.internal.invokers.TestInvoker.invokeMethod(TestInvoker.java:664)
at org.testng.internal.invokers.TestInvoker.invokeTestMethod(TestInvoker.java:228)
at org.testng.internal.invokers.MethodRunner.runInSequence(MethodRunner.java:63)
at org.testng.internal.invokers.TestInvoker$MethodInvocationAgent.invoke(TestInvoker.java:961)
at org.testng.internal.invokers.TestInvoker.invokeTestMethods(TestInvoker.java:201)
at org.testng.internal.invokers.TestMethodWorker.invokeTestMethods(TestMethodWorker.java:148)
at org.testng.internal.invokers.TestMethodWorker.run(TestMethodWorker.java:128)
at java.base/java.util.concurrent.Executors$RunnableAdapter.call(Executors.java:572)
at java.base/java.util.concurrent.FutureTask.run(FutureTask.java:317)
at org.testng.internal.thread.graph.TestNGFutureTask.run(TestNGFutureTask.java:22)
at java.base/java.util.concurrent.ThreadPoolExecutor.runWorker(ThreadPoolExecutor.java:1144)
at java.base/java.util.concurrent.ThreadPoolExecutor$Worker.run(ThreadPoolExecutor.java:642)
at java.base/java.lang.Thread.run(Thread.java:1583)
]]>
    </error>
  </testcase> <!-- loginInvalidCases -->
  <testcase classname="tests.LoginTest" name="loginInvalidCases" time="29.535"/>
</testsuite> <!-- tests.LoginTest -->
